[2026-06-27 00:51:45] ==================================================
[2026-06-27 00:51:45] 福彩3D云端自动更新开始
[2026-06-27 00:51:45] Step1: 多源获取数据...
[2026-06-27 00:51:45] 尝试数据源: huiniao
[2026-06-27 00:51:47]   [huiniao] page=1: 50条
[2026-06-27 00:51:48]   [huiniao] page=2: 50条
[2026-06-27 00:51:50]   [huiniao] page=3: 50条
[2026-06-27 00:51:50]   [✓] huiniao: 获取150条
[2026-06-27 00:51:50] Step2: 更新缓存...
[2026-06-27 00:51:50] Step3: 生成HTML...
[2026-06-27 00:51:50] 缓存共8540期, 末期2026167 [6, 3, 1]
[2026-06-27 00:51:50]   100期: 百98/100=98.0% 十99/100=99.0% 个100/100=100.0% 综合99.000% (3错)
[2026-06-27 00:51:50]   300期: 百273/300=91.0% 十283/300=94.3% 个286/300=95.3% 综合93.556% (58错)
[2026-06-27 00:51:50]   500期: 百454/500=90.8% 十462/500=92.4% 个473/500=94.6% 综合92.600% (111错)
[2026-06-27 00:51:50] 预测历史已保存: 1条, 已验证0条
[2026-06-27 00:51:50] HTML生成完毕: 188KB → /home/runner/work/fc3d-kill-predict/fc3d-kill-predict/public/index.html
[2026-06-27 00:51:50] 近100期: 百98/100=98.0% | 十99/100=99.0% | 个100/100=100.0% | 综合99.000%
[2026-06-27 00:51:50] 下期2026168: 杀百8 杀十7 杀个7
[2026-06-27 00:51:50] ==================================================
[2026-06-27 01:15:47] ==================================================
[2026-06-27 01:15:47] 福彩3D云端自动更新开始
[2026-06-27 01:15:47] Step1: 多源获取数据...
[2026-06-27 01:15:47] 尝试数据源: huiniao
[2026-06-27 01:15:48]   [huiniao] page=1: 50条
[2026-06-27 01:15:49]   [huiniao] page=2: 50条
[2026-06-27 01:15:50]   [huiniao] page=3: 50条
[2026-06-27 01:15:50]   [✓] huiniao: 获取150条
[2026-06-27 01:15:50] Step2: 更新缓存...
[2026-06-27 01:15:50] Step3: 生成HTML...
[2026-06-27 01:15:50] 缓存共8540期, 末期2026167 [6, 3, 1]
[2026-06-27 01:15:50]   [反偏] 百位杀8连续2次, 切换为3
[2026-06-27 01:15:50]   [反偏] 十位杀7连续2次, 切换为2
[2026-06-27 01:15:50]   [反偏] 个位杀7连续2次, 切换为2
[2026-06-27 01:15:50]   100期: 百98/100=98.0% 十99/100=99.0% 个100/100=100.0% 综合99.000% (3错)
[2026-06-27 01:15:50]   300期: 百273/300=91.0% 十283/300=94.3% 个286/300=95.3% 综合93.556% (58错)
[2026-06-27 01:15:50]   500期: 百454/500=90.8% 十462/500=92.4% 个473/500=94.6% 综合92.600% (111错)
[2026-06-27 01:15:50] 预测历史已保存: 1条, 已验证0条
[2026-06-27 01:15:50] HTML生成完毕: 188KB → /home/runner/work/fc3d-kill-predict/fc3d-kill-predict/public/index.html
[2026-06-27 01:15:50] 近100期: 百98/100=98.0% | 十99/100=99.0% | 个100/100=100.0% | 综合99.000%
[2026-06-27 01:15:50] 下期2026168: 杀百3 杀十2 杀个2
[2026-06-27 01:15:50] ==================================================
[2026-06-27 01:24:14] ==================================================
[2026-06-27 01:24:14] 福彩3D云端自动更新开始
[2026-06-27 01:24:14] Step1: 多源获取数据...
[2026-06-27 01:24:14] 尝试数据源: huiniao
[2026-06-27 01:24:15]   [huiniao] page=1: 50条
[2026-06-27 01:24:16]   [huiniao] page=2: 50条
[2026-06-27 01:24:18]   [huiniao] page=3: 50条
[2026-06-27 01:24:18]   [✓] huiniao: 获取150条
[2026-06-27 01:24:18] Step2: 更新缓存...
[2026-06-27 01:24:18] Step3: 生成HTML...
[2026-06-27 01:24:18] 缓存共8540期, 末期2026167 [6, 3, 1]
[2026-06-27 01:24:18]   100期: 百98/100=98.0% 十99/100=99.0% 个100/100=100.0% 综合99.000% (3错)
[2026-06-27 01:24:18]   300期: 百273/300=91.0% 十283/300=94.3% 个286/300=95.3% 综合93.556% (58错)
[2026-06-27 01:24:18]   500期: 百454/500=90.8% 十462/500=92.4% 个473/500=94.6% 综合92.600% (111错)
[2026-06-27 01:24:18] 预测历史已保存: 1条, 已验证0条
[2026-06-27 01:24:18] HTML生成完毕: 188KB → /home/runner/work/fc3d-kill-predict/fc3d-kill-predict/public/index.html
[2026-06-27 01:24:18] 近100期: 百98/100=98.0% | 十99/100=99.0% | 个100/100=100.0% | 综合99.000%
[2026-06-27 01:24:18] 下期2026168: 杀百8 杀十7 杀个7
[2026-06-27 01:24:18] ==================================================
[2026-06-27 01:43:55] ==================================================
[2026-06-27 01:43:55] 福彩3D云端自动更新开始
[2026-06-27 01:43:55] Step1: 多源获取数据...
[2026-06-27 01:43:55] 尝试数据源: cwl
[2026-06-27 01:43:56]   [~] cwl: 无数据
[2026-06-27 01:43:56] 尝试数据源: cjcp
[2026-06-27 01:44:02]   [cjcp] 失败: HTTPError
[2026-06-27 01:44:02]   [~] cjcp: 无数据
[2026-06-27 01:44:02] 尝试数据源: huiniao
[2026-06-27 01:44:03]   [huiniao] page=1: 50条
[2026-06-27 01:44:04]   [huiniao] page=2: 50条
[2026-06-27 01:44:05]   [huiniao] page=3: 50条
[2026-06-27 01:44:05]   [✓] huiniao: 获取150条
[2026-06-27 01:44:05] Step2: 更新缓存...
[2026-06-27 01:44:05] Step3: 生成HTML...
[2026-06-27 01:44:05] 缓存共8540期, 末期2026167 [6, 3, 1]
[2026-06-27 01:44:05]   100期: 百98/100=98.0% 十99/100=99.0% 个100/100=100.0% 综合99.000% (3错)
[2026-06-27 01:44:05]   300期: 百273/300=91.0% 十283/300=94.3% 个286/300=95.3% 综合93.556% (58错)
[2026-06-27 01:44:05]   500期: 百454/500=90.8% 十462/500=92.4% 个473/500=94.6% 综合92.600% (111错)
[2026-06-27 01:44:05] 预测历史已保存: 1条, 已验证0条
[2026-06-27 01:44:05] HTML生成完毕: 188KB → /home/runner/work/fc3d-kill-predict/fc3d-kill-predict/public/index.html
[2026-06-27 01:44:05] 近100期: 百98/100=98.0% | 十99/100=99.0% | 个100/100=100.0% | 综合99.000%
[2026-06-27 01:44:05] 下期2026168: 杀百8 杀十7 杀个7
[2026-06-27 01:44:05] ==================================================
